[19/Nov/2014 23:52:25] DEBUG [github.views:110] ccopy_reg
_reconstructor
p0
(crequests.structures
CaseInsensitiveDict
p1
c__builtin__
object
p2
Ntp3
Rp4
(dp5
S'_store'
p6
(dp7
S'vary'
p8
(S'vary'
p9
S'Accept, Accept-Encoding'
p10
tp11
sS'x-served-by'
p12
(S'x-served-by'
p13
S'd594a23ec74671eba905bf91ef329026'
p14
tp15
sS'x-xss-protection'
p16
(S'x-xss-protection'
p17
S'1; mode=block'
p18
tp19
sS'x-content-type-options'
p20
(S'x-content-type-options'
p21
S'nosniff'
p22
tp23
sS'etag'
p24
(S'etag'
p25
S'"7521b4905b06195c90edf501cdcef530"'
p26
tp27
sS'access-control-allow-credentials'
p28
(S'access-control-allow-credentials'
p29
S'true'
p30
tp31
sS'status'
p32
(S'status'
p33
S'200 OK'
p34
tp35
sS'x-ratelimit-remaining'
p36
(S'x-ratelimit-remaining'
p37
S'59'
p38
tp39
sS'x-github-media-type'
p40
(S'x-github-media-type'
p41
S'github.v3'
p42
tp43
sS'access-control-expose-headers'
p44
(S'access-control-expose-headers'
p45
S'ETag, Link, X-GitHub-OTP, X-RateLimit-Limit, X-RateLimit-Remaining, X-RateLimit-Reset, X-OAuth-Scopes, X-Accepted-OAuth-Scopes, X-Poll-Interval'
p46
tp47
sS'transfer-encoding'
p48
(S'transfer-encoding'
p49
S'chunked'
p50
tp51
sS'x-github-request-id'
p52
(S'x-github-request-id'
p53
S'49BD5EA0:706A:7CB5572:546D2D38'
p54
tp55
sS'cache-control'
p56
(S'cache-control'
p57
S'public, max-age=60, s-maxage=60'
p58
tp59
sS'link'
p60
(S'link'
p61
S'<https://api.github.com/repositories?since=364>; rel="next", <https://api.github.com/repositories{?since}>; rel="first"'
p62
tp63
sS'date'
p64
(S'date'
p65
S'Wed, 19 Nov 2014 23:52:25 GMT'
p66
tp67
sS'access-control-allow-origin'
p68
(S'access-control-allow-origin'
p69
S'*'
p70
tp71
sS'content-security-policy'
p72
(S'content-security-policy'
p73
S"default-src 'none'"
p74
tp75
sS'content-encoding'
p76
(S'content-encoding'
p77
S'gzip'
p78
tp79
sS'strict-transport-security'
p80
(S'strict-transport-security'
p81
S'max-age=31536000; includeSubdomains; preload'
p82
tp83
sS'server'
p84
(S'server'
p85
S'GitHub.com'
p86
tp87
sS'x-ratelimit-limit'
p88
(S'x-ratelimit-limit'
p89
S'60'
p90
tp91
sS'x-frame-options'
p92
(S'x-frame-options'
p93
S'deny'
p94
tp95
sS'content-type'
p96
(S'content-type'
p97
S'application/json; charset=utf-8'
p98
tp99
sS'x-ratelimit-reset'
p100
(S'x-ratelimit-reset'
p101
S'1416444745'
p102
tp103
ssb.
[19/Nov/2014 23:54:51] DEBUG [github.views:110] S'"7521b4905b06195c90edf501cdcef530"'
p0
.
[19/Nov/2014 23:55:26] DEBUG [github.views:110] S'"7521b4905b06195c90edf501cdcef530"'
p0
.
[19/Nov/2014 23:57:55] DEBUG [github.views:110] S'"7521b4905b06195c90edf501cdcef530"'
p0
.
[19/Nov/2014 23:59:10] DEBUG [github.views:110] "7521b4905b06195c90edf501cdcef530"
[20/Nov/2014 00:01:36] DEBUG [github.views:110] 7521b4905b06195c90edf501cdcef530
[20/Nov/2014 00:04:44] DEBUG [github.views:100] Using ETag
[20/Nov/2014 00:04:45] DEBUG [github.views:112] 7521b4905b06195c90edf501cdcef530
[20/Nov/2014 00:04:45] DEBUG [github.views:133] found new data
[20/Nov/2014 00:06:29] DEBUG [github.views:100] Using ETag
[20/Nov/2014 00:06:31] DEBUG [github.views:111] 7521b4905b06195c90edf501cdcef530
[20/Nov/2014 00:06:31] DEBUG [github.views:132] found new data
[20/Nov/2014 00:08:07] DEBUG [github.views:100] Using ETag
[20/Nov/2014 00:08:09] DEBUG [github.views:111] Saving ETag: "7521b4905b06195c90edf501cdcef530"
[20/Nov/2014 00:08:09] DEBUG [github.views:132] found new data
[20/Nov/2014 00:08:13] DEBUG [github.views:100] Using ETag
[20/Nov/2014 00:08:14] DEBUG [github.views:111] Saving ETag: "7521b4905b06195c90edf501cdcef530"
[20/Nov/2014 00:08:14] DEBUG [github.views:132] found new data
[20/Nov/2014 00:10:20] DEBUG [github.views:111] Saving ETag: "7521b4905b06195c90edf501cdcef530"
[20/Nov/2014 00:10:20] DEBUG [github.views:132] found new data
[20/Nov/2014 00:10:59] DEBUG [github.views:111] Saving ETag: "7521b4905b06195c90edf501cdcef530"
[20/Nov/2014 00:10:59] DEBUG [github.views:132] found new data
[20/Nov/2014 00:11:50] DEBUG [github.views:112] Saving ETag: "7521b4905b06195c90edf501cdcef530"
[20/Nov/2014 00:11:51] DEBUG [github.views:133] found new data
[20/Nov/2014 00:12:41] DEBUG [github.views:95] Making GitHubRequest: repositories
[20/Nov/2014 00:12:44] DEBUG [github.views:112] Saving ETag: "7521b4905b06195c90edf501cdcef530"
[20/Nov/2014 00:12:44] DEBUG [github.views:133] found new data
[20/Nov/2014 00:14:24] DEBUG [github.views:95] Making GitHubRequest: repositories
[20/Nov/2014 00:15:17] DEBUG [github.views:95] Making GitHubRequest: repositories
[20/Nov/2014 00:15:17] DEBUG [github.views:99] Checking cache
[20/Nov/2014 00:15:19] DEBUG [github.views:113] Saving ETag: "7521b4905b06195c90edf501cdcef530"
[20/Nov/2014 00:15:19] DEBUG [github.views:134] found new data
[20/Nov/2014 00:17:09] DEBUG [github.views:95] Making GitHubRequest: repositories
[20/Nov/2014 00:17:09] DEBUG [github.views:99] Checking cache
[20/Nov/2014 00:17:18] DEBUG [github.views:95] Making GitHubRequest: repositories
[20/Nov/2014 00:17:18] DEBUG [github.views:99] Checking cache
[20/Nov/2014 00:17:30] DEBUG [github.views:95] Making GitHubRequest: repositories
[20/Nov/2014 00:17:30] DEBUG [github.views:99] Checking cache
[20/Nov/2014 00:17:30] DEBUG [github.views:101] Using ETag: 7521b4905b06195c90edf501cdcef530
[20/Nov/2014 00:17:32] DEBUG [github.views:113] Saving ETag: "7521b4905b06195c90edf501cdcef530"
[20/Nov/2014 00:17:32] DEBUG [github.views:134] found new data
[20/Nov/2014 00:18:27] DEBUG [github.views:95] Making GitHubRequest: repositories
[20/Nov/2014 00:18:27] DEBUG [github.views:99] Checking cache
[20/Nov/2014 00:18:27] DEBUG [github.views:101] Using ETag: 7521b4905b06195c90edf501cdcef530
[20/Nov/2014 00:18:28] DEBUG [github.views:113] Saving ETag: "7521b4905b06195c90edf501cdcef530"
[20/Nov/2014 00:18:28] DEBUG [github.views:134] found new data
[20/Nov/2014 00:18:37] DEBUG [github.views:95] Making GitHubRequest: repositories
[20/Nov/2014 00:18:37] DEBUG [github.views:99] Checking cache
[20/Nov/2014 00:18:37] DEBUG [github.views:101] Using ETag: "7521b4905b06195c90edf501cdcef530"
[20/Nov/2014 00:18:38] DEBUG [github.views:113] Saving ETag: "7521b4905b06195c90edf501cdcef530"
[20/Nov/2014 00:18:38] DEBUG [github.views:141] No new data found
[20/Nov/2014 00:25:55] INFO [github.views:84] Making GitHubRequest: repositories
[20/Nov/2014 00:25:55] DEBUG [github.views:88] Checking cache
[20/Nov/2014 00:25:55] DEBUG [github.views:90] Using ETag: "7521b4905b06195c90edf501cdcef530"
[20/Nov/2014 00:25:56] DEBUG [github.views:102] Saving ETag: "7521b4905b06195c90edf501cdcef530"
[20/Nov/2014 00:25:56] DEBUG [github.views:130] No new data found
[20/Nov/2014 00:27:49] INFO [github.views:84] Making GitHubRequest: repositories
[20/Nov/2014 00:27:49] DEBUG [github.views:88] Checking cache
[20/Nov/2014 00:27:49] DEBUG [github.views:92] Unknown API Request
[20/Nov/2014 00:27:52] DEBUG [github.views:102] Saving ETag: "7521b4905b06195c90edf501cdcef530"
[20/Nov/2014 00:27:52] DEBUG [github.views:123] found new data
[20/Nov/2014 00:27:52] INFO [github.views:48] pulls url: repos/mojombo/grit/pulls?state=all
[20/Nov/2014 00:27:52] INFO [github.views:84] Making GitHubRequest: repos/mojombo/grit/pulls?state=all
[20/Nov/2014 00:27:52] DEBUG [github.views:88] Checking cache
[20/Nov/2014 00:27:52] DEBUG [github.views:92] Unknown API Request
[20/Nov/2014 00:27:53] DEBUG [github.views:102] Saving ETag: "4ccc7721820da3f95809ebc5efe52b37"
[20/Nov/2014 00:27:53] DEBUG [github.views:123] found new data
[20/Nov/2014 00:27:53] INFO [github.views:51] importing pull requests
[20/Nov/2014 00:28:57] INFO [github.views:84] Making GitHubRequest: repositories
[20/Nov/2014 00:28:57] DEBUG [github.views:88] Checking cache
[20/Nov/2014 00:28:57] DEBUG [github.views:92] Unknown API Request
[20/Nov/2014 00:29:00] DEBUG [github.views:102] Saving ETag: "7521b4905b06195c90edf501cdcef530"
[20/Nov/2014 00:29:00] DEBUG [github.views:123] found new data
[20/Nov/2014 00:29:00] INFO [github.views:48] pulls url: repos/mojombo/grit/pulls?state=all
[20/Nov/2014 00:29:00] INFO [github.views:84] Making GitHubRequest: repos/mojombo/grit/pulls?state=all
[20/Nov/2014 00:29:00] DEBUG [github.views:88] Checking cache
[20/Nov/2014 00:29:00] DEBUG [github.views:92] Unknown API Request
[20/Nov/2014 00:29:01] DEBUG [github.views:102] Saving ETag: "4ccc7721820da3f95809ebc5efe52b37"
[20/Nov/2014 00:29:01] DEBUG [github.views:123] found new data
[20/Nov/2014 00:29:01] INFO [github.views:51] importing pull requests
